<?xml version="1.0" encoding="UTF-8"?>
<!-- Generated by org.testng.reporters.JUnitXMLReporter -->
<testsuite ignored="0" hostname="ROBAYET" failures="0" tests="3" name="OpenCart Tests" time="21.333" errors="0" timestamp="2025-02-03T02:22:47 BDT">
  <testcase classname="pages.OpenCartTest" name="testUserRegistration" time="4.822"/>
  <testcase classname="pages.OpenCartTest" name="testProductSearch" time="0.919"/>
  <testcase classname="pages.OpenCartTest" name="testAddToCart" time="1.929"/>
</testsuite> <!-- OpenCart Tests -->
