<?xml version="1.0" encoding="UTF-8"?>
<!-- Generated by org.testng.reporters.JUnitXMLReporter -->
<testsuite ignored="1" hostname="ROBAYET" failures="0" tests="1" name="Default test" time="17.922" errors="0" timestamp="2025-01-20T23:24:09 BDT">
  <testcase classname="com.testng.TestCases.TestCases" name="loginTest" time="2.315"/>
  <testcase classname="com.testng.TestCases.TestCases" name="registerAccount" time="0.0">
    <ignored/>
  </testcase> <!-- registerAccount -->
</testsuite> <!-- Default test -->
