<?xml version="1.0" encoding="UTF-8"?>
<testng-results ignored="1" total="2" passed="1" failed="0" skipped="0">
  <reporter-output>
  </reporter-output>
  <suite started-at="2025-01-20T23:23:50 BDT" name="Default suite" finished-at="2025-01-20T23:24:08 BDT" duration-ms="17922">
    <groups>
    </groups>
    <test started-at="2025-01-20T23:23:50 BDT" name="Default test" finished-at="2025-01-20T23:24:08 BDT" duration-ms="17922">
      <class name="com.testng.TestCases.TestCases">
        <test-method is-config="true" signature="launchBrowser()[pri:0, instance:com.testng.TestCases.TestCases@158da8e]" started-at="2025-01-20T23:23:50 BDT" name="launchBrowser" finished-at="2025-01-20T23:24:06 BDT" duration-ms="15227" status="PASS">
          <reporter-output>
          </reporter-output>
        </test-method> <!-- launchBrowser -->
        <test-method signature="loginTest()[pri:0, instance:com.testng.TestCases.TestCases@158da8e]" started-at="2025-01-20T23:24:06 BDT" name="loginTest" finished-at="2025-01-20T23:24:08 BDT" duration-ms="2315" status="PASS">
          <reporter-output>
          </reporter-output>
        </test-method> <!-- loginTest -->
        <test-method is-config="true" signature="closeBrowser()[pri:0, instance:com.testng.TestCases.TestCases@158da8e]" started-at="2025-01-20T23:24:08 BDT" name="closeBrowser" finished-at="2025-01-20T23:24:08 BDT" duration-ms="288" status="PASS">
          <reporter-output>
          </reporter-output>
        </test-method> <!-- closeBrowser -->
      </class> <!-- com.testng.TestCases.TestCases -->
    </test> <!-- Default test -->
  </suite> <!-- Default suite -->
</testng-results>
